<?xml version="1.0" encoding="UTF-8"?>
<!-- Generated by org.testng.reporters.JUnitXMLReporter -->
<testsuite ignored="0" hostname="DESKTOP-PNC7OVF" failures="1" tests="2" name="Test" time="8.711" errors="0" timestamp="2023-05-12T11:05:16 IST">
  <testcase classname="TestCase.TestCases" name="BLoginPage" time="1.367"/>
  <testcase classname="TestCase.TestCases" name="CHomePage" time="0.008">
    <failure type="java.lang.NullPointerException" message="Cannot invoke &amp;quot;LocatorsORConfig.HomePage.VerifyTitle()&amp;quot; because &amp;quot;this.L2&amp;quot; is null">
      <![CDATA[java.lang.NullPointerException: Cannot invoke "LocatorsORConfig.HomePage.VerifyTitle()" because "this.L2" is null
at TestCase.TestCases.CHomePage(TestCases.java:45)
at java.base/java.util.ArrayList.forEach(ArrayList.java:1511)
... Removed 25 stack frames]]>
    </failure>
  </testcase> <!-- CHomePage -->
</testsuite> <!-- Test -->
