<?xml version="1.0" encoding="UTF-8"?>
<testng-results ignored="0" total="2" passed="2" failed="0" skipped="0">
  <reporter-output>
  </reporter-output>
  <suite started-at="2023-06-08T15:45:13 IST" name="Suite" finished-at="2023-06-08T15:45:23 IST" duration-ms="10406">
    <groups>
    </groups>
    <test started-at="2023-06-08T15:45:13 IST" name="Test" finished-at="2023-06-08T15:45:23 IST" duration-ms="10406">
      <class name="TestCase.TestCases">
        <test-method is-config="true" signature="Aobjects()[pri:0, instance:TestCase.TestCases@5890e879]" started-at="2023-06-08T15:45:13 IST" name="Aobjects" finished-at="2023-06-08T15:45:16 IST" duration-ms="2610" status="PASS">
          <reporter-output>
          </reporter-output>
        </test-method> <!-- Aobjects -->
        <test-method signature="BLoginPage()[pri:0, instance:TestCase.TestCases@5890e879]" started-at="2023-06-08T15:45:16 IST" name="BLoginPage" finished-at="2023-06-08T15:45:17 IST" duration-ms="1552" status="PASS">
          <reporter-output>
          </reporter-output>
        </test-method> <!-- BLoginPage -->
        <test-method signature="CHomePage()[pri:0, instance:TestCase.TestCases@5890e879]" started-at="2023-06-08T15:45:17 IST" name="CHomePage" finished-at="2023-06-08T15:45:23 IST" duration-ms="5941" status="PASS">
          <reporter-output>
          </reporter-output>
        </test-method> <!-- CHomePage -->
      </class> <!-- TestCase.TestCases -->
    </test> <!-- Test -->
  </suite> <!-- Suite -->
</testng-results>
