<?xml version="1.0" encoding="UTF-8"?>
<testng-results ignored="0" total="2" passed="2" failed="0" skipped="0">
  <reporter-output>
  </reporter-output>
  <suite started-at="2023-05-31T17:53:05 IST" name="Suite" finished-at="2023-05-31T17:53:18 IST" duration-ms="12966">
    <groups>
    </groups>
    <test started-at="2023-05-31T17:53:05 IST" name="Test" finished-at="2023-05-31T17:53:18 IST" duration-ms="12966">
      <class name="TestCase.TestCases">
        <test-method is-config="true" signature="Aobjects()[pri:0, instance:TestCase.TestCases@6c284af]" started-at="2023-05-31T17:53:05 IST" name="Aobjects" finished-at="2023-05-31T17:53:09 IST" duration-ms="4218" status="PASS">
          <reporter-output>
          </reporter-output>
        </test-method> <!-- Aobjects -->
        <test-method signature="BLoginPage()[pri:0, instance:TestCase.TestCases@6c284af]" started-at="2023-05-31T17:53:09 IST" name="BLoginPage" finished-at="2023-05-31T17:53:11 IST" duration-ms="1794" status="PASS">
          <reporter-output>
          </reporter-output>
        </test-method> <!-- BLoginPage -->
        <test-method signature="CHomePage()[pri:0, instance:TestCase.TestCases@6c284af]" started-at="2023-05-31T17:53:11 IST" name="CHomePage" finished-at="2023-05-31T17:53:18 IST" duration-ms="6651" status="PASS">
          <reporter-output>
          </reporter-output>
        </test-method> <!-- CHomePage -->
      </class> <!-- TestCase.TestCases -->
    </test> <!-- Test -->
  </suite> <!-- Suite -->
</testng-results>
