<?xml version="1.0" encoding="UTF-8"?>
<testng-results ignored="0" total="2" passed="2" failed="0" skipped="0">
  <reporter-output>
  </reporter-output>
  <suite started-at="2023-06-01T16:42:18 IST" name="Default suite" finished-at="2023-06-01T16:42:27 IST" duration-ms="9488">
    <groups>
    </groups>
    <test started-at="2023-06-01T16:42:18 IST" name="Default test" finished-at="2023-06-01T16:42:27 IST" duration-ms="9488">
      <class name="TestCase.TestCases">
        <test-method is-config="true" signature="Aobjects()[pri:0, instance:TestCase.TestCases@681e144]" started-at="2023-06-01T16:42:18 IST" name="Aobjects" finished-at="2023-06-01T16:42:21 IST" duration-ms="2505" status="PASS">
          <reporter-output>
          </reporter-output>
        </test-method> <!-- Aobjects -->
        <test-method signature="BLoginPage()[pri:0, instance:TestCase.TestCases@681e144]" started-at="2023-06-01T16:42:21 IST" name="BLoginPage" finished-at="2023-06-01T16:42:21 IST" duration-ms="763" status="PASS">
          <reporter-output>
          </reporter-output>
        </test-method> <!-- BLoginPage -->
        <test-method signature="CHomePage()[pri:0, instance:TestCase.TestCases@681e144]" started-at="2023-06-01T16:42:21 IST" name="CHomePage" finished-at="2023-06-01T16:42:27 IST" duration-ms="6008" status="PASS">
          <reporter-output>
          </reporter-output>
        </test-method> <!-- CHomePage -->
      </class> <!-- TestCase.TestCases -->
    </test> <!-- Default test -->
  </suite> <!-- Default suite -->
</testng-results>
